
**** Build of configuration Release for project ARDShared ****

make all 
Building file: ../command.cpp
Invoking: AVR C++ Compiler
avr-g++ -I"D:\Users\pvloon\My Sources\E-Arduino" -I"D:\Users\pvloon\My Sources\E-Arduino" -I"D:\Users\pvloon\My Sources\Arduino\libraries\RF24Network" -I"D:\Users\pvloon\My Sources\Arduino\libraries\RF24" -Wall -Os -fpack-struct -fshort-enums -funsigned-char -funsigned-bitfields -fno-exceptions -mmcu=atmega16 -DF_CPU=1000000UL -MMD -MP -MF"command.d" -MT"command.d" -c -o "command.o" "../command.cpp"
In file included from ../command.cpp:8:
../command.h:15:21: error: Arduino.h: No such file or directory
In file included from D:\Users\pvloon\My Sources\Arduino\libraries\RF24/RF24.h:18,
                 from ../rf.h:11,
                 from ../command.h:18,
                 from ../command.cpp:8:
D:\Users\pvloon\My Sources\Arduino\libraries\RF24/RF24_config.h:14:22: warning: WProgram.h: No such file or directory
In file included from ../rf.h:10,
                 from ../command.h:18,
                 from ../command.cpp:8:
D:\Users\pvloon\My Sources\Arduino\libraries\RF24Network/RF24Network.h:164: warning: ignoring packed attribute because of unpacked non-POD field 'RF24& RF24Network::radio'
In file included from D:\Users\pvloon\My Sources\Arduino\libraries\RF24/RF24.h:18,
                 from ../rf.h:11,
                 from ../command.h:18,
                 from ../command.cpp:8:
D:\Users\pvloon\My Sources\Arduino\libraries\RF24/RF24_config.h:28: error: 'HardwareSPI' does not name a type
D:\Users\pvloon\My Sources\Arduino\libraries\RF24/RF24_config.h:54: error: multiple types in one declaration
D:\Users\pvloon\My Sources\Arduino\libraries\RF24/RF24_config.h:54: error: declaration does not declare anything
make: *** [command.o] Error 1

**** Build Finished ****
