
**** Build of configuration Release for project Mine_ATmega328__3_3V_Ext_8_MHz ****

make all 
Building file: D:/arduino-1.0.6/hardware/arduino/cores/arduino/avr-libc/malloc.c
Invoking: AVR Compiler
avr-gcc -I"D:\arduino-1.0.6\hardware\arduino\cores\arduino" -I"D:\arduino-1.0.6\hardware\arduino\variants\standard" -DUSB_VID= -DUSB_PID= -DARDUINO=106 -Wall -Os -fpack-struct -fshort-enums -std=gnu99 -funsigned-char -funsigned-bitfields -g  -ffunction-sections  -fdata-sections -mmcu=atmega328p -DF_CPU=8000000UL -MMD -MP -MF"arduino/avr-libc/malloc.d" -MT"arduino/avr-libc/malloc.d"  -c -o "arduino/avr-libc/malloc.o" "D:/arduino-1.0.6/hardware/arduino/cores/arduino/avr-libc/malloc.c"
Finished building: D:/arduino-1.0.6/hardware/arduino/cores/arduino/avr-libc/malloc.c
 
Building file: D:/arduino-1.0.6/hardware/arduino/cores/arduino/avr-libc/realloc.c
Invoking: AVR Compiler
avr-gcc -I"D:\arduino-1.0.6\hardware\arduino\cores\arduino" -I"D:\arduino-1.0.6\hardware\arduino\variants\standard" -DUSB_VID= -DUSB_PID= -DARDUINO=106 -Wall -Os -fpack-struct -fshort-enums -std=gnu99 -funsigned-char -funsigned-bitfields -g  -ffunction-sections  -fdata-sections -mmcu=atmega328p -DF_CPU=8000000UL -MMD -MP -MF"arduino/avr-libc/realloc.d" -MT"arduino/avr-libc/realloc.d"  -c -o "arduino/avr-libc/realloc.o" "D:/arduino-1.0.6/hardware/arduino/cores/arduino/avr-libc/realloc.c"
Finished building: D:/arduino-1.0.6/hardware/arduino/cores/arduino/avr-libc/realloc.c
 
Building file: D:/arduino-1.0.6/hardware/arduino/cores/arduino/CDC.cpp
Invoking: AVR C++ Compiler
avr-g++ -I"D:\arduino-1.0.6\hardware\arduino\cores\arduino" -I"D:\arduino-1.0.6\hardware\arduino\variants\standard" -DUSB_PID= -DUSB_VID= -DARDUINO=106 -Wall -Os -fno-exceptions -g  -ffunction-sections  -fdata-sections -mmcu=atmega328p -DF_CPU=8000000UL -MMD -MP -MF"arduino/CDC.d" -MT"arduino/CDC.d"  -c -o "arduino/CDC.o" "D:/arduino-1.0.6/hardware/arduino/cores/arduino/CDC.cpp"
Finished building: D:/arduino-1.0.6/hardware/arduino/cores/arduino/CDC.cpp
 
Building file: D:/arduino-1.0.6/hardware/arduino/cores/arduino/HID.cpp
Invoking: AVR C++ Compiler
avr-g++ -I"D:\arduino-1.0.6\hardware\arduino\cores\arduino" -I"D:\arduino-1.0.6\hardware\arduino\variants\standard" -DUSB_PID= -DUSB_VID= -DARDUINO=106 -Wall -Os -fno-exceptions -g  -ffunction-sections  -fdata-sections -mmcu=atmega328p -DF_CPU=8000000UL -MMD -MP -MF"arduino/HID.d" -MT"arduino/HID.d"  -c -o "arduino/HID.o" "D:/arduino-1.0.6/hardware/arduino/cores/arduino/HID.cpp"
Finished building: D:/arduino-1.0.6/hardware/arduino/cores/arduino/HID.cpp
 
Building file: D:/arduino-1.0.6/hardware/arduino/cores/arduino/HardwareSerial.cpp
Invoking: AVR C++ Compiler
avr-g++ -I"D:\arduino-1.0.6\hardware\arduino\cores\arduino" -I"D:\arduino-1.0.6\hardware\arduino\variants\standard" -DUSB_PID= -DUSB_VID= -DARDUINO=106 -Wall -Os -fno-exceptions -g  -ffunction-sections  -fdata-sections -mmcu=atmega328p -DF_CPU=8000000UL -MMD -MP -MF"arduino/HardwareSerial.d" -MT"arduino/HardwareSerial.d"  -c -o "arduino/HardwareSerial.o" "D:/arduino-1.0.6/hardware/arduino/cores/arduino/HardwareSerial.cpp"
D:/arduino-1.0.6/hardware/arduino/cores/arduino/HardwareSerial.cpp: In function 'void store_char(unsigned char, ring_buffer*)':
D:/arduino-1.0.6/hardware/arduino/cores/arduino/HardwareSerial.cpp:98: warning: comparison between signed and unsigned integer expressions
D:/arduino-1.0.6/hardware/arduino/cores/arduino/HardwareSerial.cpp: In function 'void __vector_18()':
D:/arduino-1.0.6/hardware/arduino/cores/arduino/HardwareSerial.cpp:127: warning: unused variable 'c'
D:/arduino-1.0.6/hardware/arduino/cores/arduino/HardwareSerial.cpp: In member function 'void HardwareSerial::begin(long unsigned int, byte)':
D:/arduino-1.0.6/hardware/arduino/cores/arduino/HardwareSerial.cpp:368: warning: unused variable 'current_config'
D:/arduino-1.0.6/hardware/arduino/cores/arduino/HardwareSerial.cpp: In member function 'virtual size_t HardwareSerial::write(uint8_t)':
D:/arduino-1.0.6/hardware/arduino/cores/arduino/HardwareSerial.cpp:467: warning: comparison between signed and unsigned integer expressions
Finished building: D:/arduino-1.0.6/hardware/arduino/cores/arduino/HardwareSerial.cpp
 
Building file: D:/arduino-1.0.6/hardware/arduino/cores/arduino/IPAddress.cpp
Invoking: AVR C++ Compiler
avr-g++ -I"D:\arduino-1.0.6\hardware\arduino\cores\arduino" -I"D:\arduino-1.0.6\hardware\arduino\variants\standard" -DUSB_PID= -DUSB_VID= -DARDUINO=106 -Wall -Os -fno-exceptions -g  -ffunction-sections  -fdata-sections -mmcu=atmega328p -DF_CPU=8000000UL -MMD -MP -MF"arduino/IPAddress.d" -MT"arduino/IPAddress.d"  -c -o "arduino/IPAddress.o" "D:/arduino-1.0.6/hardware/arduino/cores/arduino/IPAddress.cpp"
Finished building: D:/arduino-1.0.6/hardware/arduino/cores/arduino/IPAddress.cpp
 
Building file: D:/arduino-1.0.6/hardware/arduino/cores/arduino/Print.cpp
Invoking: AVR C++ Compiler
avr-g++ -I"D:\arduino-1.0.6\hardware\arduino\cores\arduino" -I"D:\arduino-1.0.6\hardware\arduino\variants\standard" -DUSB_PID= -DUSB_VID= -DARDUINO=106 -Wall -Os -fno-exceptions -g  -ffunction-sections  -fdata-sections -mmcu=atmega328p -DF_CPU=8000000UL -MMD -MP -MF"arduino/Print.d" -MT"arduino/Print.d"  -c -o "arduino/Print.o" "D:/arduino-1.0.6/hardware/arduino/cores/arduino/Print.cpp"
Finished building: D:/arduino-1.0.6/hardware/arduino/cores/arduino/Print.cpp
 
Building file: D:/arduino-1.0.6/hardware/arduino/cores/arduino/Stream.cpp
Invoking: AVR C++ Compiler
avr-g++ -I"D:\arduino-1.0.6\hardware\arduino\cores\arduino" -I"D:\arduino-1.0.6\hardware\arduino\variants\standard" -DUSB_PID= -DUSB_VID= -DARDUINO=106 -Wall -Os -fno-exceptions -g  -ffunction-sections  -fdata-sections -mmcu=atmega328p -DF_CPU=8000000UL -MMD -MP -MF"arduino/Stream.d" -MT"arduino/Stream.d"  -c -o "arduino/Stream.o" "D:/arduino-1.0.6/hardware/arduino/cores/arduino/Stream.cpp"
D:/arduino-1.0.6/hardware/arduino/cores/arduino/Stream.cpp: In member function 'bool Stream::find(char*)':
D:/arduino-1.0.6/hardware/arduino/cores/arduino/Stream.cpp:78: warning: deprecated conversion from string constant to 'char*'
Finished building: D:/arduino-1.0.6/hardware/arduino/cores/arduino/Stream.cpp
 
Building file: D:/arduino-1.0.6/hardware/arduino/cores/arduino/Tone.cpp
Invoking: AVR C++ Compiler
avr-g++ -I"D:\arduino-1.0.6\hardware\arduino\cores\arduino" -I"D:\arduino-1.0.6\hardware\arduino\variants\standard" -DUSB_PID= -DUSB_VID= -DARDUINO=106 -Wall -Os -fno-exceptions -g  -ffunction-sections  -fdata-sections -mmcu=atmega328p -DF_CPU=8000000UL -MMD -MP -MF"arduino/Tone.d" -MT"arduino/Tone.d"  -c -o "arduino/Tone.o" "D:/arduino-1.0.6/hardware/arduino/cores/arduino/Tone.cpp"
D:/arduino-1.0.6/hardware/arduino/cores/arduino/Tone.cpp:119: warning: only initialized variables can be placed into program memory area
Finished building: D:/arduino-1.0.6/hardware/arduino/cores/arduino/Tone.cpp
 
Building file: D:/arduino-1.0.6/hardware/arduino/cores/arduino/USBCore.cpp
Invoking: AVR C++ Compiler
avr-g++ -I"D:\arduino-1.0.6\hardware\arduino\cores\arduino" -I"D:\arduino-1.0.6\hardware\arduino\variants\standard" -DUSB_PID= -DUSB_VID= -DARDUINO=106 -Wall -Os -fno-exceptions -g  -ffunction-sections  -fdata-sections -mmcu=atmega328p -DF_CPU=8000000UL -MMD -MP -MF"arduino/USBCore.d" -MT"arduino/USBCore.d"  -c -o "arduino/USBCore.o" "D:/arduino-1.0.6/hardware/arduino/cores/arduino/USBCore.cpp"
Finished building: D:/arduino-1.0.6/hardware/arduino/cores/arduino/USBCore.cpp
 
Building file: D:/arduino-1.0.6/hardware/arduino/cores/arduino/WInterrupts.c
Invoking: AVR Compiler
avr-gcc -I"D:\arduino-1.0.6\hardware\arduino\cores\arduino" -I"D:\arduino-1.0.6\hardware\arduino\variants\standard" -DUSB_VID= -DUSB_PID= -DARDUINO=106 -Wall -Os -fpack-struct -fshort-enums -std=gnu99 -funsigned-char -funsigned-bitfields -g  -ffunction-sections  -fdata-sections -mmcu=atmega328p -DF_CPU=8000000UL -MMD -MP -MF"arduino/WInterrupts.d" -MT"arduino/WInterrupts.d"  -c -o "arduino/WInterrupts.o" "D:/arduino-1.0.6/hardware/arduino/cores/arduino/WInterrupts.c"
Finished building: D:/arduino-1.0.6/hardware/arduino/cores/arduino/WInterrupts.c
 
Building file: D:/arduino-1.0.6/hardware/arduino/cores/arduino/WMath.cpp
Invoking: AVR C++ Compiler
avr-g++ -I"D:\arduino-1.0.6\hardware\arduino\cores\arduino" -I"D:\arduino-1.0.6\hardware\arduino\variants\standard" -DUSB_PID= -DUSB_VID= -DARDUINO=106 -Wall -Os -fno-exceptions -g  -ffunction-sections  -fdata-sections -mmcu=atmega328p -DF_CPU=8000000UL -MMD -MP -MF"arduino/WMath.d" -MT"arduino/WMath.d"  -c -o "arduino/WMath.o" "D:/arduino-1.0.6/hardware/arduino/cores/arduino/WMath.cpp"
Finished building: D:/arduino-1.0.6/hardware/arduino/cores/arduino/WMath.cpp
 
Building file: D:/arduino-1.0.6/hardware/arduino/cores/arduino/WString.cpp
Invoking: AVR C++ Compiler
avr-g++ -I"D:\arduino-1.0.6\hardware\arduino\cores\arduino" -I"D:\arduino-1.0.6\hardware\arduino\variants\standard" -DUSB_PID= -DUSB_VID= -DARDUINO=106 -Wall -Os -fno-exceptions -g  -ffunction-sections  -fdata-sections -mmcu=atmega328p -DF_CPU=8000000UL -MMD -MP -MF"arduino/WString.d" -MT"arduino/WString.d"  -c -o "arduino/WString.o" "D:/arduino-1.0.6/hardware/arduino/cores/arduino/WString.cpp"
Finished building: D:/arduino-1.0.6/hardware/arduino/cores/arduino/WString.cpp
 
Building file: D:/arduino-1.0.6/hardware/arduino/cores/arduino/main.cpp
Invoking: AVR C++ Compiler
avr-g++ -I"D:\arduino-1.0.6\hardware\arduino\cores\arduino" -I"D:\arduino-1.0.6\hardware\arduino\variants\standard" -DUSB_PID= -DUSB_VID= -DARDUINO=106 -Wall -Os -fno-exceptions -g  -ffunction-sections  -fdata-sections -mmcu=atmega328p -DF_CPU=8000000UL -MMD -MP -MF"arduino/main.d" -MT"arduino/main.d"  -c -o "arduino/main.o" "D:/arduino-1.0.6/hardware/arduino/cores/arduino/main.cpp"
Finished building: D:/arduino-1.0.6/hardware/arduino/cores/arduino/main.cpp
 
Building file: D:/arduino-1.0.6/hardware/arduino/cores/arduino/new.cpp
Invoking: AVR C++ Compiler
avr-g++ -I"D:\arduino-1.0.6\hardware\arduino\cores\arduino" -I"D:\arduino-1.0.6\hardware\arduino\variants\standard" -DUSB_PID= -DUSB_VID= -DARDUINO=106 -Wall -Os -fno-exceptions -g  -ffunction-sections  -fdata-sections -mmcu=atmega328p -DF_CPU=8000000UL -MMD -MP -MF"arduino/new.d" -MT"arduino/new.d"  -c -o "arduino/new.o" "D:/arduino-1.0.6/hardware/arduino/cores/arduino/new.cpp"
Finished building: D:/arduino-1.0.6/hardware/arduino/cores/arduino/new.cpp
 
Building file: D:/arduino-1.0.6/hardware/arduino/cores/arduino/wiring.c
Invoking: AVR Compiler
avr-gcc -I"D:\arduino-1.0.6\hardware\arduino\cores\arduino" -I"D:\arduino-1.0.6\hardware\arduino\variants\standard" -DUSB_VID= -DUSB_PID= -DARDUINO=106 -Wall -Os -fpack-struct -fshort-enums -std=gnu99 -funsigned-char -funsigned-bitfields -g  -ffunction-sections  -fdata-sections -mmcu=atmega328p -DF_CPU=8000000UL -MMD -MP -MF"arduino/wiring.d" -MT"arduino/wiring.d"  -c -o "arduino/wiring.o" "D:/arduino-1.0.6/hardware/arduino/cores/arduino/wiring.c"
Finished building: D:/arduino-1.0.6/hardware/arduino/cores/arduino/wiring.c
 
Building file: D:/arduino-1.0.6/hardware/arduino/cores/arduino/wiring_analog.c
Invoking: AVR Compiler
avr-gcc -I"D:\arduino-1.0.6\hardware\arduino\cores\arduino" -I"D:\arduino-1.0.6\hardware\arduino\variants\standard" -DUSB_VID= -DUSB_PID= -DARDUINO=106 -Wall -Os -fpack-struct -fshort-enums -std=gnu99 -funsigned-char -funsigned-bitfields -g  -ffunction-sections  -fdata-sections -mmcu=atmega328p -DF_CPU=8000000UL -MMD -MP -MF"arduino/wiring_analog.d" -MT"arduino/wiring_analog.d"  -c -o "arduino/wiring_analog.o" "D:/arduino-1.0.6/hardware/arduino/cores/arduino/wiring_analog.c"
Finished building: D:/arduino-1.0.6/hardware/arduino/cores/arduino/wiring_analog.c
 
Building file: D:/arduino-1.0.6/hardware/arduino/cores/arduino/wiring_digital.c
Invoking: AVR Compiler
avr-gcc -I"D:\arduino-1.0.6\hardware\arduino\cores\arduino" -I"D:\arduino-1.0.6\hardware\arduino\variants\standard" -DUSB_VID= -DUSB_PID= -DARDUINO=106 -Wall -Os -fpack-struct -fshort-enums -std=gnu99 -funsigned-char -funsigned-bitfields -g  -ffunction-sections  -fdata-sections -mmcu=atmega328p -DF_CPU=8000000UL -MMD -MP -MF"arduino/wiring_digital.d" -MT"arduino/wiring_digital.d"  -c -o "arduino/wiring_digital.o" "D:/arduino-1.0.6/hardware/arduino/cores/arduino/wiring_digital.c"
Finished building: D:/arduino-1.0.6/hardware/arduino/cores/arduino/wiring_digital.c
 
Building file: D:/arduino-1.0.6/hardware/arduino/cores/arduino/wiring_pulse.c
Invoking: AVR Compiler
avr-gcc -I"D:\arduino-1.0.6\hardware\arduino\cores\arduino" -I"D:\arduino-1.0.6\hardware\arduino\variants\standard" -DUSB_VID= -DUSB_PID= -DARDUINO=106 -Wall -Os -fpack-struct -fshort-enums -std=gnu99 -funsigned-char -funsigned-bitfields -g  -ffunction-sections  -fdata-sections -mmcu=atmega328p -DF_CPU=8000000UL -MMD -MP -MF"arduino/wiring_pulse.d" -MT"arduino/wiring_pulse.d"  -c -o "arduino/wiring_pulse.o" "D:/arduino-1.0.6/hardware/arduino/cores/arduino/wiring_pulse.c"
Finished building: D:/arduino-1.0.6/hardware/arduino/cores/arduino/wiring_pulse.c
 
Building file: D:/arduino-1.0.6/hardware/arduino/cores/arduino/wiring_shift.c
Invoking: AVR Compiler
avr-gcc -I"D:\arduino-1.0.6\hardware\arduino\cores\arduino" -I"D:\arduino-1.0.6\hardware\arduino\variants\standard" -DUSB_VID= -DUSB_PID= -DARDUINO=106 -Wall -Os -fpack-struct -fshort-enums -std=gnu99 -funsigned-char -funsigned-bitfields -g  -ffunction-sections  -fdata-sections -mmcu=atmega328p -DF_CPU=8000000UL -MMD -MP -MF"arduino/wiring_shift.d" -MT"arduino/wiring_shift.d"  -c -o "arduino/wiring_shift.o" "D:/arduino-1.0.6/hardware/arduino/cores/arduino/wiring_shift.c"
Finished building: D:/arduino-1.0.6/hardware/arduino/cores/arduino/wiring_shift.c
 
Building file: ../Mine_ATmega328__3_3V_Ext_8_MHz.cpp
Invoking: AVR C++ Compiler
avr-g++ -I"D:\arduino-1.0.6\hardware\arduino\cores\arduino" -I"D:\arduino-1.0.6\hardware\arduino\variants\standard" -DUSB_PID= -DUSB_VID= -DARDUINO=106 -Wall -Os -fno-exceptions -g  -ffunction-sections  -fdata-sections -mmcu=atmega328p -DF_CPU=8000000UL -MMD -MP -MF"Mine_ATmega328__3_3V_Ext_8_MHz.d" -MT"Mine_ATmega328__3_3V_Ext_8_MHz.d"  -c -o "Mine_ATmega328__3_3V_Ext_8_MHz.o" "../Mine_ATmega328__3_3V_Ext_8_MHz.cpp"
Finished building: ../Mine_ATmega328__3_3V_Ext_8_MHz.cpp
 
Building target: libMine_ATmega328__3_3V_Ext_8_MHz.a
Invoking: AVR Archiver
avr-ar -r  "libMine_ATmega328__3_3V_Ext_8_MHz.a"  ./arduino/avr-libc/malloc.o ./arduino/avr-libc/realloc.o  ./arduino/CDC.o ./arduino/HID.o ./arduino/HardwareSerial.o ./arduino/IPAddress.o ./arduino/Print.o ./arduino/Stream.o ./arduino/Tone.o ./arduino/USBCore.o ./arduino/WInterrupts.o ./arduino/WMath.o ./arduino/WString.o ./arduino/main.o ./arduino/new.o ./arduino/wiring.o ./arduino/wiring_analog.o ./arduino/wiring_digital.o ./arduino/wiring_pulse.o ./arduino/wiring_shift.o  ./Mine_ATmega328__3_3V_Ext_8_MHz.o  
d:\arduino-1.0.6\hardware\tools\avr\bin\avr-ar.exe: creating libMine_ATmega328__3_3V_Ext_8_MHz.a
Finished building target: libMine_ATmega328__3_3V_Ext_8_MHz.a
 
Invoking: AVR Create Extended Listing
avr-objdump -h -S libMine_ATmega328__3_3V_Ext_8_MHz.a  >"libMine_ATmega328__3_3V_Ext_8_MHz.lss"
Finished building: libMine_ATmega328__3_3V_Ext_8_MHz.lss
 
Invoking: Print Size
avr-size --format=avr --mcu=atmega328p libMine_ATmega328__3_3V_Ext_8_MHz.a
AVR Memory Usage
----------------
Device: atmega328p

Program:       0 bytes (0.0% Full)
(.text + .data + .bootloader)

Data:          0 bytes (0.0% Full)
(.data + .bss + .noinit)


AVR Memory Usage
----------------
Device: atmega328p

Program:       0 bytes (0.0% Full)
(.text + .data + .bootloader)

Data:          0 bytes (0.0% Full)
(.data + .bss + .noinit)


AVR Memory Usage
----------------
Device: atmega328p

Program:       0 bytes (0.0% Full)
(.text + .data + .bootloader)

Data:          0 bytes (0.0% Full)
(.data + .bss + .noinit)


AVR Memory Usage
----------------
Device: atmega328p

Program:       0 bytes (0.0% Full)
(.text + .data + .bootloader)

Data:          0 bytes (0.0% Full)
(.data + .bss + .noinit)


AVR Memory Usage
----------------
Device: atmega328p

Program:       0 bytes (0.0% Full)
(.text + .data + .bootloader)

Data:          0 bytes (0.0% Full)
(.data + .bss + .noinit)


AVR Memory Usage
----------------
Device: atmega328p

Program:       0 bytes (0.0% Full)
(.text + .data + .bootloader)

Data:          0 bytes (0.0% Full)
(.data + .bss + .noinit)


AVR Memory Usage
----------------
Device: atmega328p

Program:      14 bytes (0.0% Full)
(.text + .data + .bootloader)

Data:         14 bytes (0.7% Full)
(.data + .bss + .noinit)


AVR Memory Usage
----------------
Device: atmega328p

Program:       1 bytes (0.0% Full)
(.text + .data + .bootloader)

Data:          1 bytes (0.0% Full)
(.data + .bss + .noinit)


AVR Memory Usage
----------------
Device: atmega328p

Program:       0 bytes (0.0% Full)
(.text + .data + .bootloader)

Data:          0 bytes (0.0% Full)
(.data + .bss + .noinit)


AVR Memory Usage
----------------
Device: atmega328p

Program:       0 bytes (0.0% Full)
(.text + .data + .bootloader)

Data:          0 bytes (0.0% Full)
(.data + .bss + .noinit)


AVR Memory Usage
----------------
Device: atmega328p

Program:       0 bytes (0.0% Full)
(.text + .data + .bootloader)

Data:          0 bytes (0.0% Full)
(.data + .bss + .noinit)


AVR Memory Usage
----------------
Device: atmega328p

Program:       0 bytes (0.0% Full)
(.text + .data + .bootloader)

Data:          0 bytes (0.0% Full)
(.data + .bss + .noinit)


AVR Memory Usage
----------------
Device: atmega328p

Program:       1 bytes (0.0% Full)
(.text + .data + .bootloader)

Data:          1 bytes (0.0% Full)
(.data + .bss + .noinit)


AVR Memory Usage
----------------
Device: atmega328p

Program:       0 bytes (0.0% Full)
(.text + .data + .bootloader)

Data:          0 bytes (0.0% Full)
(.data + .bss + .noinit)


AVR Memory Usage
----------------
Device: atmega328p

Program:       0 bytes (0.0% Full)
(.text + .data + .bootloader)

Data:          0 bytes (0.0% Full)
(.data + .bss + .noinit)


AVR Memory Usage
----------------
Device: atmega328p

Program:       0 bytes (0.0% Full)
(.text + .data + .bootloader)

Data:          0 bytes (0.0% Full)
(.data + .bss + .noinit)


AVR Memory Usage
----------------
Device: atmega328p

Program:       0 bytes (0.0% Full)
(.text + .data + .bootloader)

Data:          0 bytes (0.0% Full)
(.data + .bss + .noinit)


AVR Memory Usage
----------------
Device: atmega328p

Program:       0 bytes (0.0% Full)
(.text + .data + .bootloader)

Data:          0 bytes (0.0% Full)
(.data + .bss + .noinit)


AVR Memory Usage
----------------
Device: atmega328p

Program:       0 bytes (0.0% Full)
(.text + .data + .bootloader)

Data:          0 bytes (0.0% Full)
(.data + .bss + .noinit)


AVR Memory Usage
----------------
Device: atmega328p

Program:       0 bytes (0.0% Full)
(.text + .data + .bootloader)

Data:          0 bytes (0.0% Full)
(.data + .bss + .noinit)


AVR Memory Usage
----------------
Device: atmega328p

Program:       0 bytes (0.0% Full)
(.text + .data + .bootloader)

Data:          0 bytes (0.0% Full)
(.data + .bss + .noinit)


Finished building: sizedummy
 

**** Build Finished ****

**** Build of configuration Release for project Coop ****

make all 
Building file: D:/Users/pvloon/My Sources/Arduino/libraries/Timer/Event.cpp
Invoking: AVR C++ Compiler
avr-g++ -I"D:\arduino-1.0.6\hardware\arduino\cores\arduino" -I"D:\arduino-1.0.6\hardware\arduino\variants\standard" -I"D:\Users\pvloon\My Sources\E-Arduino\Coop" -I"D:\Users\pvloon\My Sources\E-Arduino\Ethernet" -I"D:\Users\pvloon\My Sources\E-Arduino\SharedFiles" -I"D:\Users\pvloon\My Sources\Arduino\libraries\Timer" -I"D:\Users\pvloon\My Sources\Arduino\libraries\DHT11" -I"D:\arduino-1.0.6\libraries\SPI" -D__IN_ECLIPSE__=1 -DARDUINO=106 -DUSB_PID= -DUSB_VID= -Wall -Os -ffunction-sections -fdata-sections -fno-exceptions -g -mmcu=atmega328p -DF_CPU=8000000UL -MMD -MP -MF"Timer/Event.d" -MT"Timer/Event.d"  -c -o "Timer/Event.o" -x c++ "D:/Users/pvloon/My Sources/Arduino/libraries/Timer/Event.cpp"
D:/Users/pvloon/My Sources/Arduino/libraries/Timer/Event.cpp: In member function 'void Event::update()':
Finished building: D:/Users/pvloon/My Sources/Arduino/libraries/Timer/Event.cpp
D:/Users/pvloon/My Sources/Arduino/libraries/Timer/Event.cpp:37: warning: comparison between signed and unsigned integer expressions
 
Building file: D:/Users/pvloon/My Sources/Arduino/libraries/Timer/Timer.cpp
Invoking: AVR C++ Compiler
avr-g++ -I"D:\arduino-1.0.6\hardware\arduino\cores\arduino" -I"D:\arduino-1.0.6\hardware\arduino\variants\standard" -I"D:\Users\pvloon\My Sources\E-Arduino\Coop" -I"D:\Users\pvloon\My Sources\E-Arduino\Ethernet" -I"D:\Users\pvloon\My Sources\E-Arduino\SharedFiles" -I"D:\Users\pvloon\My Sources\Arduino\libraries\Timer" -I"D:\Users\pvloon\My Sources\Arduino\libraries\DHT11" -I"D:\arduino-1.0.6\libraries\SPI" -D__IN_ECLIPSE__=1 -DARDUINO=106 -DUSB_PID= -DUSB_VID= -Wall -Os -ffunction-sections -fdata-sections -fno-exceptions -g -mmcu=atmega328p -DF_CPU=8000000UL -MMD -MP -MF"Timer/Timer.d" -MT"Timer/Timer.d"  -c -o "Timer/Timer.o" -x c++ "D:/Users/pvloon/My Sources/Arduino/libraries/Timer/Timer.cpp"
Finished building: D:/Users/pvloon/My Sources/Arduino/libraries/Timer/Timer.cpp
 
Building file: D:/Users/pvloon/My Sources/E-Arduino/SharedFiles/InternalTemp.cpp
Invoking: AVR C++ Compiler
avr-g++ -I"D:\arduino-1.0.6\hardware\arduino\cores\arduino" -I"D:\arduino-1.0.6\hardware\arduino\variants\standard" -I"D:\Users\pvloon\My Sources\E-Arduino\Coop" -I"D:\Users\pvloon\My Sources\E-Arduino\Ethernet" -I"D:\Users\pvloon\My Sources\E-Arduino\SharedFiles" -I"D:\Users\pvloon\My Sources\Arduino\libraries\Timer" -I"D:\Users\pvloon\My Sources\Arduino\libraries\DHT11" -I"D:\arduino-1.0.6\libraries\SPI" -D__IN_ECLIPSE__=1 -DARDUINO=106 -DUSB_PID= -DUSB_VID= -Wall -Os -ffunction-sections -fdata-sections -fno-exceptions -g -mmcu=atmega328p -DF_CPU=8000000UL -MMD -MP -MF"SharedFiles/InternalTemp.d" -MT"SharedFiles/InternalTemp.d"  -c -o "SharedFiles/InternalTemp.o" -x c++ "D:/Users/pvloon/My Sources/E-Arduino/SharedFiles/InternalTemp.cpp"
Finished building: D:/Users/pvloon/My Sources/E-Arduino/SharedFiles/InternalTemp.cpp
 
Building file: D:/Users/pvloon/My Sources/E-Arduino/SharedFiles/MemoryFree.cpp
Invoking: AVR C++ Compiler
avr-g++ -I"D:\arduino-1.0.6\hardware\arduino\cores\arduino" -I"D:\arduino-1.0.6\hardware\arduino\variants\standard" -I"D:\Users\pvloon\My Sources\E-Arduino\Coop" -I"D:\Users\pvloon\My Sources\E-Arduino\Ethernet" -I"D:\Users\pvloon\My Sources\E-Arduino\SharedFiles" -I"D:\Users\pvloon\My Sources\Arduino\libraries\Timer" -I"D:\Users\pvloon\My Sources\Arduino\libraries\DHT11" -I"D:\arduino-1.0.6\libraries\SPI" -D__IN_ECLIPSE__=1 -DARDUINO=106 -DUSB_PID= -DUSB_VID= -Wall -Os -ffunction-sections -fdata-sections -fno-exceptions -g -mmcu=atmega328p -DF_CPU=8000000UL -MMD -MP -MF"SharedFiles/MemoryFree.d" -MT"SharedFiles/MemoryFree.d"  -c -o "SharedFiles/MemoryFree.o" -x c++ "D:/Users/pvloon/My Sources/E-Arduino/SharedFiles/MemoryFree.cpp"
Finished building: D:/Users/pvloon/My Sources/E-Arduino/SharedFiles/MemoryFree.cpp
 
Building file: D:/Users/pvloon/My Sources/E-Arduino/SharedFiles/Utils.cpp
Invoking: AVR C++ Compiler
avr-g++ -I"D:\arduino-1.0.6\hardware\arduino\cores\arduino" -I"D:\arduino-1.0.6\hardware\arduino\variants\standard" -I"D:\Users\pvloon\My Sources\E-Arduino\Coop" -I"D:\Users\pvloon\My Sources\E-Arduino\Ethernet" -I"D:\Users\pvloon\My Sources\E-Arduino\SharedFiles" -I"D:\Users\pvloon\My Sources\Arduino\libraries\Timer" -I"D:\Users\pvloon\My Sources\Arduino\libraries\DHT11" -I"D:\arduino-1.0.6\libraries\SPI" -D__IN_ECLIPSE__=1 -DARDUINO=106 -DUSB_PID= -DUSB_VID= -Wall -Os -ffunction-sections -fdata-sections -fno-exceptions -g -mmcu=atmega328p -DF_CPU=8000000UL -MMD -MP -MF"SharedFiles/Utils.d" -MT"SharedFiles/Utils.d"  -c -o "SharedFiles/Utils.o" -x c++ "D:/Users/pvloon/My Sources/E-Arduino/SharedFiles/Utils.cpp"
D:/Users/pvloon/My Sources/E-Arduino/SharedFiles/Utils.cpp: In function 'int millisRollover()':
D:/Users/pvloon/My Sources/E-Arduino/SharedFiles/Utils.cpp:44: warning: operation on 'numRollovers' may be undefined
Finished building: D:/Users/pvloon/My Sources/E-Arduino/SharedFiles/Utils.cpp
 
Building file: D:/arduino-1.0.6/libraries/SPI/SPI.cpp
Invoking: AVR C++ Compiler
avr-g++ -I"D:\arduino-1.0.6\hardware\arduino\cores\arduino" -I"D:\arduino-1.0.6\hardware\arduino\variants\standard" -I"D:\Users\pvloon\My Sources\E-Arduino\Coop" -I"D:\Users\pvloon\My Sources\E-Arduino\Ethernet" -I"D:\Users\pvloon\My Sources\E-Arduino\SharedFiles" -I"D:\Users\pvloon\My Sources\Arduino\libraries\Timer" -I"D:\Users\pvloon\My Sources\Arduino\libraries\DHT11" -I"D:\arduino-1.0.6\libraries\SPI" -D__IN_ECLIPSE__=1 -DARDUINO=106 -DUSB_PID= -DUSB_VID= -Wall -Os -ffunction-sections -fdata-sections -fno-exceptions -g -mmcu=atmega328p -DF_CPU=8000000UL -MMD -MP -MF"SPI/SPI.d" -MT"SPI/SPI.d"  -c -o "SPI/SPI.o" -x c++ "D:/arduino-1.0.6/libraries/SPI/SPI.cpp"
Finished building: D:/arduino-1.0.6/libraries/SPI/SPI.cpp
 
Building file: D:/Users/pvloon/My Sources/Arduino/libraries/DHT11/dht11.cpp
Invoking: AVR C++ Compiler
avr-g++ -I"D:\arduino-1.0.6\hardware\arduino\cores\arduino" -I"D:\arduino-1.0.6\hardware\arduino\variants\standard" -I"D:\Users\pvloon\My Sources\E-Arduino\Coop" -I"D:\Users\pvloon\My Sources\E-Arduino\Ethernet" -I"D:\Users\pvloon\My Sources\E-Arduino\SharedFiles" -I"D:\Users\pvloon\My Sources\Arduino\libraries\Timer" -I"D:\Users\pvloon\My Sources\Arduino\libraries\DHT11" -I"D:\arduino-1.0.6\libraries\SPI" -D__IN_ECLIPSE__=1 -DARDUINO=106 -DUSB_PID= -DUSB_VID= -Wall -Os -ffunction-sections -fdata-sections -fno-exceptions -g -mmcu=atmega328p -DF_CPU=8000000UL -MMD -MP -MF"DHT11/dht11.d" -MT"DHT11/dht11.d"  -c -o "DHT11/dht11.o" -x c++ "D:/Users/pvloon/My Sources/Arduino/libraries/DHT11/dht11.cpp"
Finished building: D:/Users/pvloon/My Sources/Arduino/libraries/DHT11/dht11.cpp
 
Building file: ../Coop.cpp
Invoking: AVR C++ Compiler
avr-g++ -I"D:\arduino-1.0.6\hardware\arduino\cores\arduino" -I"D:\arduino-1.0.6\hardware\arduino\variants\standard" -I"D:\Users\pvloon\My Sources\E-Arduino\Coop" -I"D:\Users\pvloon\My Sources\E-Arduino\Ethernet" -I"D:\Users\pvloon\My Sources\E-Arduino\SharedFiles" -I"D:\Users\pvloon\My Sources\Arduino\libraries\Timer" -I"D:\Users\pvloon\My Sources\Arduino\libraries\DHT11" -I"D:\arduino-1.0.6\libraries\SPI" -D__IN_ECLIPSE__=1 -DARDUINO=106 -DUSB_PID= -DUSB_VID= -Wall -Os -ffunction-sections -fdata-sections -fno-exceptions -g -mmcu=atmega328p -DF_CPU=8000000UL -MMD -MP -MF"Coop.d" -MT"Coop.d"  -c -o "Coop.o" -x c++ "../Coop.cpp"
Finished building: ../Coop.cpp
 
Building file: ../Led.cpp
Invoking: AVR C++ Compiler
avr-g++ -I"D:\arduino-1.0.6\hardware\arduino\cores\arduino" -I"D:\arduino-1.0.6\hardware\arduino\variants\standard" -I"D:\Users\pvloon\My Sources\E-Arduino\Coop" -I"D:\Users\pvloon\My Sources\E-Arduino\Ethernet" -I"D:\Users\pvloon\My Sources\E-Arduino\SharedFiles" -I"D:\Users\pvloon\My Sources\Arduino\libraries\Timer" -I"D:\Users\pvloon\My Sources\Arduino\libraries\DHT11" -I"D:\arduino-1.0.6\libraries\SPI" -D__IN_ECLIPSE__=1 -DARDUINO=106 -DUSB_PID= -DUSB_VID= -Wall -Os -ffunction-sections -fdata-sections -fno-exceptions -g -mmcu=atmega328p -DF_CPU=8000000UL -MMD -MP -MF"Led.d" -MT"Led.d"  -c -o "Led.o" -x c++ "../Led.cpp"
Finished building: ../Led.cpp
 
Building file: ../device.cpp
Invoking: AVR C++ Compiler
avr-g++ -I"D:\arduino-1.0.6\hardware\arduino\cores\arduino" -I"D:\arduino-1.0.6\hardware\arduino\variants\standard" -I"D:\Users\pvloon\My Sources\E-Arduino\Coop" -I"D:\Users\pvloon\My Sources\E-Arduino\Ethernet" -I"D:\Users\pvloon\My Sources\E-Arduino\SharedFiles" -I"D:\Users\pvloon\My Sources\Arduino\libraries\Timer" -I"D:\Users\pvloon\My Sources\Arduino\libraries\DHT11" -I"D:\arduino-1.0.6\libraries\SPI" -D__IN_ECLIPSE__=1 -DARDUINO=106 -DUSB_PID= -DUSB_VID= -Wall -Os -ffunction-sections -fdata-sections -fno-exceptions -g -mmcu=atmega328p -DF_CPU=8000000UL -MMD -MP -MF"device.d" -MT"device.d"  -c -o "device.o" -x c++ "../device.cpp"
../device.cpp: In member function 'char* DEVICE::getValue(int)':
../device.cpp:42: warning: deprecated conversion from string constant to 'char*'
Finished building: ../device.cpp
 
Building file: ../sensors.cpp
Invoking: AVR C++ Compiler
avr-g++ -I"D:\arduino-1.0.6\hardware\arduino\cores\arduino" -I"D:\arduino-1.0.6\hardware\arduino\variants\standard" -I"D:\Users\pvloon\My Sources\E-Arduino\Coop" -I"D:\Users\pvloon\My Sources\E-Arduino\Ethernet" -I"D:\Users\pvloon\My Sources\E-Arduino\SharedFiles" -I"D:\Users\pvloon\My Sources\Arduino\libraries\Timer" -I"D:\Users\pvloon\My Sources\Arduino\libraries\DHT11" -I"D:\arduino-1.0.6\libraries\SPI" -D__IN_ECLIPSE__=1 -DARDUINO=106 -DUSB_PID= -DUSB_VID= -Wall -Os -ffunction-sections -fdata-sections -fno-exceptions -g -mmcu=atmega328p -DF_CPU=8000000UL -MMD -MP -MF"sensors.d" -MT"sensors.d"  -c -o "sensors.o" -x c++ "../sensors.cpp"
../sensors.cpp:84:1: warning: "/*" within comment
../sensors.cpp:22: warning: 'previousStatus' defined but not used
../sensors.cpp:23: warning: 'sensorType' defined but not used
Finished building: ../sensors.cpp
../sensors.cpp:25: warning: 'float readDHT11(int)' declared 'static' but never defined
../sensors.cpp:26: warning: 'void detectState()' declared 'static' but never defined
../sensors.cpp:27: warning: 'int readSensor(int)' declared 'static' but never defined
../sensors.cpp:28: warning: 'sensorCalibrate' defined but not used
../sensors.cpp:29: warning: 'calibrate_average' defined but not used
 
Building file: ../web.cpp
Invoking: AVR C++ Compiler
avr-g++ -I"D:\arduino-1.0.6\hardware\arduino\cores\arduino" -I"D:\arduino-1.0.6\hardware\arduino\variants\standard" -I"D:\Users\pvloon\My Sources\E-Arduino\Coop" -I"D:\Users\pvloon\My Sources\E-Arduino\Ethernet" -I"D:\Users\pvloon\My Sources\E-Arduino\SharedFiles" -I"D:\Users\pvloon\My Sources\Arduino\libraries\Timer" -I"D:\Users\pvloon\My Sources\Arduino\libraries\DHT11" -I"D:\arduino-1.0.6\libraries\SPI" -D__IN_ECLIPSE__=1 -DARDUINO=106 -DUSB_PID= -DUSB_VID= -Wall -Os -ffunction-sections -fdata-sections -fno-exceptions -g -mmcu=atmega328p -DF_CPU=8000000UL -MMD -MP -MF"web.d" -MT"web.d"  -c -o "web.o" -x c++ "../web.cpp"
../web.cpp:22: warning: only initialized variables can be placed into program memory area
../web.cpp:23: warning: only initialized variables can be placed into program memory area
../web.cpp:24: warning: only initialized variables can be placed into program memory area
../web.cpp:25: warning: only initialized variables can be placed into program memory area
../web.cpp:26: warning: only initialized variables can be placed into program memory area
../web.cpp:27: warning: only initialized variables can be placed into program memory area
../web.cpp:28: warning: only initialized variables can be placed into program memory area
../web.cpp:29: warning: only initialized variables can be placed into program memory area
../web.cpp:30: warning: only initialized variables can be placed into program memory area
../web.cpp:31: warning: only initialized variables can be placed into program memory area
../web.cpp:32: warning: only initialized variables can be placed into program memory area
../web.cpp: In function 'int printP(const prog_char*, bool)':
../web.cpp:42: warning: suggest parentheses around assignment used as truth value
Finished building: ../web.cpp
 
Building target: Coop.elf
Invoking: AVR C++ Linker
avr-gcc -Os -Wl,--gc-sections  -Wl,-Map,"D:\Users\pvloon\My Sources\E-Arduino\Coop\Release\mapfile.txt",--cref -L"D:\Users\pvloon\My Sources\E-Arduino\Mine_ATmega328__3_3V_Ext_8_MHz/Release" -L"D:\Users\pvloon\My Sources\E-Arduino\Ethernet\Release" -mmcu=atmega328p  -o"Coop.elf"  ./Timer/Event.o ./Timer/Timer.o  ./SharedFiles/InternalTemp.o ./SharedFiles/MemoryFree.o ./SharedFiles/Utils.o  ./SPI/SPI.o  ./DHT11/dht11.o  ./Coop.o ./Led.o ./device.o ./sensors.o ./web.o   -l"Mine_ATmega328__3_3V_Ext_8_MHz" -lEthernet -lm
Finished building target: Coop.elf
 
Invoking: AVR Create Extended Listing
avr-objdump -h -S Coop.elf  >"Coop.lss"
Finished building: Coop.lss
 
Create Flash image (ihex format)
avr-objcopy -R .eeprom -O ihex Coop.elf  "Coop.hex"
Finished building: Coop.hex
 
Create eeprom image (ihex format)
avr-objcopy -j .eeprom --no-change-warnings --change-section-lma .eeprom=0 -O ihex Coop.elf  "Coop.eep"
Finished building: Coop.eep
 
Invoking: Print Size
avr-size --format=avr --mcu=atmega328p Coop.elf
AVR Memory Usage
----------------
Device: atmega328p

Program:   13674 bytes (41.7% Full)
(.text + .data + .bootloader)

Data:       1826 bytes (89.2% Full)
(.data + .bss + .noinit)


Finished building: sizedummy
 

**** Build Finished ****
