
**** Build of configuration Release for project Mine_ATmega328__3_3V__Ext_8_MHz_ ****

make all 
Building file: D:/arduino-1.0.1/hardware/arduino/cores/arduino/CDC.cpp
Invoking: AVR C++ Compiler
avr-g++ -I"D:\arduino-1.0.1\hardware\arduino\cores\arduino" -I"D:\arduino-1.0.1\hardware\arduino\variants\standard" -DUSB_PID= -DUSB_VID= -DARDUINO=101 -Wall -Os -fno-exceptions -g  -ffunction-sections  -fdata-sections -mmcu=atmega328p -DF_CPU=8000000UL -MMD -MP -MF"arduino/CDC.d" -MT"arduino/CDC.d"  -c -o "arduino/CDC.o" "D:/arduino-1.0.1/hardware/arduino/cores/arduino/CDC.cpp"
Finished building: D:/arduino-1.0.1/hardware/arduino/cores/arduino/CDC.cpp
 
Building file: D:/arduino-1.0.1/hardware/arduino/cores/arduino/HID.cpp
Invoking: AVR C++ Compiler
avr-g++ -I"D:\arduino-1.0.1\hardware\arduino\cores\arduino" -I"D:\arduino-1.0.1\hardware\arduino\variants\standard" -DUSB_PID= -DUSB_VID= -DARDUINO=101 -Wall -Os -fno-exceptions -g  -ffunction-sections  -fdata-sections -mmcu=atmega328p -DF_CPU=8000000UL -MMD -MP -MF"arduino/HID.d" -MT"arduino/HID.d"  -c -o "arduino/HID.o" "D:/arduino-1.0.1/hardware/arduino/cores/arduino/HID.cpp"
Finished building: D:/arduino-1.0.1/hardware/arduino/cores/arduino/HID.cpp
 
Building file: D:/arduino-1.0.1/hardware/arduino/cores/arduino/HardwareSerial.cpp
Invoking: AVR C++ Compiler
avr-g++ -I"D:\arduino-1.0.1\hardware\arduino\cores\arduino" -I"D:\arduino-1.0.1\hardware\arduino\variants\standard" -DUSB_PID= -DUSB_VID= -DARDUINO=101 -Wall -Os -fno-exceptions -g  -ffunction-sections  -fdata-sections -mmcu=atmega328p -DF_CPU=8000000UL -MMD -MP -MF"arduino/HardwareSerial.d" -MT"arduino/HardwareSerial.d"  -c -o "arduino/HardwareSerial.o" "D:/arduino-1.0.1/hardware/arduino/cores/arduino/HardwareSerial.cpp"
D:/arduino-1.0.1/hardware/arduino/cores/arduino/HardwareSerial.cpp: In function 'void store_char(unsigned char, ring_buffer*)':
D:/arduino-1.0.1/hardware/arduino/cores/arduino/HardwareSerial.cpp:82: warning: comparison between signed and unsigned integer expressions
D:/arduino-1.0.1/hardware/arduino/cores/arduino/HardwareSerial.cpp: In member function 'virtual size_t HardwareSerial::write(uint8_t)':
D:/arduino-1.0.1/hardware/arduino/cores/arduino/HardwareSerial.cpp:390: warning: comparison between signed and unsigned integer expressions
Finished building: D:/arduino-1.0.1/hardware/arduino/cores/arduino/HardwareSerial.cpp
 
Building file: D:/arduino-1.0.1/hardware/arduino/cores/arduino/IPAddress.cpp
Invoking: AVR C++ Compiler
avr-g++ -I"D:\arduino-1.0.1\hardware\arduino\cores\arduino" -I"D:\arduino-1.0.1\hardware\arduino\variants\standard" -DUSB_PID= -DUSB_VID= -DARDUINO=101 -Wall -Os -fno-exceptions -g  -ffunction-sections  -fdata-sections -mmcu=atmega328p -DF_CPU=8000000UL -MMD -MP -MF"arduino/IPAddress.d" -MT"arduino/IPAddress.d"  -c -o "arduino/IPAddress.o" "D:/arduino-1.0.1/hardware/arduino/cores/arduino/IPAddress.cpp"
Finished building: D:/arduino-1.0.1/hardware/arduino/cores/arduino/IPAddress.cpp
 
Building file: D:/arduino-1.0.1/hardware/arduino/cores/arduino/Print.cpp
Invoking: AVR C++ Compiler
avr-g++ -I"D:\arduino-1.0.1\hardware\arduino\cores\arduino" -I"D:\arduino-1.0.1\hardware\arduino\variants\standard" -DUSB_PID= -DUSB_VID= -DARDUINO=101 -Wall -Os -fno-exceptions -g  -ffunction-sections  -fdata-sections -mmcu=atmega328p -DF_CPU=8000000UL -MMD -MP -MF"arduino/Print.d" -MT"arduino/Print.d"  -c -o "arduino/Print.o" "D:/arduino-1.0.1/hardware/arduino/cores/arduino/Print.cpp"
D:/arduino-1.0.1/hardware/arduino/cores/arduino/Print.cpp: In member function 'size_t Print::print(const __FlashStringHelper*)':
D:/arduino-1.0.1/hardware/arduino/cores/arduino/Print.cpp:44: warning: '__progmem__' attribute ignored
Finished building: D:/arduino-1.0.1/hardware/arduino/cores/arduino/Print.cpp
 
Building file: D:/arduino-1.0.1/hardware/arduino/cores/arduino/Stream.cpp
Invoking: AVR C++ Compiler
avr-g++ -I"D:\arduino-1.0.1\hardware\arduino\cores\arduino" -I"D:\arduino-1.0.1\hardware\arduino\variants\standard" -DUSB_PID= -DUSB_VID= -DARDUINO=101 -Wall -Os -fno-exceptions -g  -ffunction-sections  -fdata-sections -mmcu=atmega328p -DF_CPU=8000000UL -MMD -MP -MF"arduino/Stream.d" -MT"arduino/Stream.d"  -c -o "arduino/Stream.o" "D:/arduino-1.0.1/hardware/arduino/cores/arduino/Stream.cpp"
Finished building: D:/arduino-1.0.1/hardware/arduino/cores/arduino/Stream.cpp
 
Building file: D:/arduino-1.0.1/hardware/arduino/cores/arduino/Tone.cpp
Invoking: AVR C++ Compiler
avr-g++ -I"D:\arduino-1.0.1\hardware\arduino\cores\arduino" -I"D:\arduino-1.0.1\hardware\arduino\variants\standard" -DUSB_PID= -DUSB_VID= -DARDUINO=101 -Wall -Os -fno-exceptions -g  -ffunction-sections  -fdata-sections -mmcu=atmega328p -DF_CPU=8000000UL -MMD -MP -MF"arduino/Tone.d" -MT"arduino/Tone.d"  -c -o "arduino/Tone.o" "D:/arduino-1.0.1/hardware/arduino/cores/arduino/Tone.cpp"
D:/arduino-1.0.1/hardware/arduino/cores/arduino/Tone.cpp:108: warning: only initialized variables can be placed into program memory area
Finished building: D:/arduino-1.0.1/hardware/arduino/cores/arduino/Tone.cpp
 
Building file: D:/arduino-1.0.1/hardware/arduino/cores/arduino/USBCore.cpp
Invoking: AVR C++ Compiler
avr-g++ -I"D:\arduino-1.0.1\hardware\arduino\cores\arduino" -I"D:\arduino-1.0.1\hardware\arduino\variants\standard" -DUSB_PID= -DUSB_VID= -DARDUINO=101 -Wall -Os -fno-exceptions -g  -ffunction-sections  -fdata-sections -mmcu=atmega328p -DF_CPU=8000000UL -MMD -MP -MF"arduino/USBCore.d" -MT"arduino/USBCore.d"  -c -o "arduino/USBCore.o" "D:/arduino-1.0.1/hardware/arduino/cores/arduino/USBCore.cpp"
Finished building: D:/arduino-1.0.1/hardware/arduino/cores/arduino/USBCore.cpp
 
Building file: D:/arduino-1.0.1/hardware/arduino/cores/arduino/WInterrupts.c
Invoking: AVR Compiler
avr-gcc -I"D:\arduino-1.0.1\hardware\arduino\cores\arduino" -I"D:\arduino-1.0.1\hardware\arduino\variants\standard" -DUSB_VID= -DUSB_PID= -DARDUINO=101 -Wall -Os -fpack-struct -fshort-enums -std=gnu99 -funsigned-char -funsigned-bitfields -g  -ffunction-sections  -fdata-sections -mmcu=atmega328p -DF_CPU=8000000UL -MMD -MP -MF"arduino/WInterrupts.d" -MT"arduino/WInterrupts.d"  -c -o "arduino/WInterrupts.o" "D:/arduino-1.0.1/hardware/arduino/cores/arduino/WInterrupts.c"
Finished building: D:/arduino-1.0.1/hardware/arduino/cores/arduino/WInterrupts.c
 
Building file: D:/arduino-1.0.1/hardware/arduino/cores/arduino/WMath.cpp
Invoking: AVR C++ Compiler
avr-g++ -I"D:\arduino-1.0.1\hardware\arduino\cores\arduino" -I"D:\arduino-1.0.1\hardware\arduino\variants\standard" -DUSB_PID= -DUSB_VID= -DARDUINO=101 -Wall -Os -fno-exceptions -g  -ffunction-sections  -fdata-sections -mmcu=atmega328p -DF_CPU=8000000UL -MMD -MP -MF"arduino/WMath.d" -MT"arduino/WMath.d"  -c -o "arduino/WMath.o" "D:/arduino-1.0.1/hardware/arduino/cores/arduino/WMath.cpp"
Finished building: D:/arduino-1.0.1/hardware/arduino/cores/arduino/WMath.cpp
 
Building file: D:/arduino-1.0.1/hardware/arduino/cores/arduino/WString.cpp
Invoking: AVR C++ Compiler
avr-g++ -I"D:\arduino-1.0.1\hardware\arduino\cores\arduino" -I"D:\arduino-1.0.1\hardware\arduino\variants\standard" -DUSB_PID= -DUSB_VID= -DARDUINO=101 -Wall -Os -fno-exceptions -g  -ffunction-sections  -fdata-sections -mmcu=atmega328p -DF_CPU=8000000UL -MMD -MP -MF"arduino/WString.d" -MT"arduino/WString.d"  -c -o "arduino/WString.o" "D:/arduino-1.0.1/hardware/arduino/cores/arduino/WString.cpp"
Finished building: D:/arduino-1.0.1/hardware/arduino/cores/arduino/WString.cpp
 
Building file: D:/arduino-1.0.1/hardware/arduino/cores/arduino/main.cpp
Invoking: AVR C++ Compiler
avr-g++ -I"D:\arduino-1.0.1\hardware\arduino\cores\arduino" -I"D:\arduino-1.0.1\hardware\arduino\variants\standard" -DUSB_PID= -DUSB_VID= -DARDUINO=101 -Wall -Os -fno-exceptions -g  -ffunction-sections  -fdata-sections -mmcu=atmega328p -DF_CPU=8000000UL -MMD -MP -MF"arduino/main.d" -MT"arduino/main.d"  -c -o "arduino/main.o" "D:/arduino-1.0.1/hardware/arduino/cores/arduino/main.cpp"
Finished building: D:/arduino-1.0.1/hardware/arduino/cores/arduino/main.cpp
 
Building file: D:/arduino-1.0.1/hardware/arduino/cores/arduino/new.cpp
Invoking: AVR C++ Compiler
avr-g++ -I"D:\arduino-1.0.1\hardware\arduino\cores\arduino" -I"D:\arduino-1.0.1\hardware\arduino\variants\standard" -DUSB_PID= -DUSB_VID= -DARDUINO=101 -Wall -Os -fno-exceptions -g  -ffunction-sections  -fdata-sections -mmcu=atmega328p -DF_CPU=8000000UL -MMD -MP -MF"arduino/new.d" -MT"arduino/new.d"  -c -o "arduino/new.o" "D:/arduino-1.0.1/hardware/arduino/cores/arduino/new.cpp"
Finished building: D:/arduino-1.0.1/hardware/arduino/cores/arduino/new.cpp
 
Building file: D:/arduino-1.0.1/hardware/arduino/cores/arduino/wiring.c
Invoking: AVR Compiler
avr-gcc -I"D:\arduino-1.0.1\hardware\arduino\cores\arduino" -I"D:\arduino-1.0.1\hardware\arduino\variants\standard" -DUSB_VID= -DUSB_PID= -DARDUINO=101 -Wall -Os -fpack-struct -fshort-enums -std=gnu99 -funsigned-char -funsigned-bitfields -g  -ffunction-sections  -fdata-sections -mmcu=atmega328p -DF_CPU=8000000UL -MMD -MP -MF"arduino/wiring.d" -MT"arduino/wiring.d"  -c -o "arduino/wiring.o" "D:/arduino-1.0.1/hardware/arduino/cores/arduino/wiring.c"
Finished building: D:/arduino-1.0.1/hardware/arduino/cores/arduino/wiring.c
 
Building file: D:/arduino-1.0.1/hardware/arduino/cores/arduino/wiring_analog.c
Invoking: AVR Compiler
avr-gcc -I"D:\arduino-1.0.1\hardware\arduino\cores\arduino" -I"D:\arduino-1.0.1\hardware\arduino\variants\standard" -DUSB_VID= -DUSB_PID= -DARDUINO=101 -Wall -Os -fpack-struct -fshort-enums -std=gnu99 -funsigned-char -funsigned-bitfields -g  -ffunction-sections  -fdata-sections -mmcu=atmega328p -DF_CPU=8000000UL -MMD -MP -MF"arduino/wiring_analog.d" -MT"arduino/wiring_analog.d"  -c -o "arduino/wiring_analog.o" "D:/arduino-1.0.1/hardware/arduino/cores/arduino/wiring_analog.c"
Finished building: D:/arduino-1.0.1/hardware/arduino/cores/arduino/wiring_analog.c
 
Building file: D:/arduino-1.0.1/hardware/arduino/cores/arduino/wiring_digital.c
Invoking: AVR Compiler
avr-gcc -I"D:\arduino-1.0.1\hardware\arduino\cores\arduino" -I"D:\arduino-1.0.1\hardware\arduino\variants\standard" -DUSB_VID= -DUSB_PID= -DARDUINO=101 -Wall -Os -fpack-struct -fshort-enums -std=gnu99 -funsigned-char -funsigned-bitfields -g  -ffunction-sections  -fdata-sections -mmcu=atmega328p -DF_CPU=8000000UL -MMD -MP -MF"arduino/wiring_digital.d" -MT"arduino/wiring_digital.d"  -c -o "arduino/wiring_digital.o" "D:/arduino-1.0.1/hardware/arduino/cores/arduino/wiring_digital.c"
Finished building: D:/arduino-1.0.1/hardware/arduino/cores/arduino/wiring_digital.c
 
Building file: D:/arduino-1.0.1/hardware/arduino/cores/arduino/wiring_pulse.c
Invoking: AVR Compiler
avr-gcc -I"D:\arduino-1.0.1\hardware\arduino\cores\arduino" -I"D:\arduino-1.0.1\hardware\arduino\variants\standard" -DUSB_VID= -DUSB_PID= -DARDUINO=101 -Wall -Os -fpack-struct -fshort-enums -std=gnu99 -funsigned-char -funsigned-bitfields -g  -ffunction-sections  -fdata-sections -mmcu=atmega328p -DF_CPU=8000000UL -MMD -MP -MF"arduino/wiring_pulse.d" -MT"arduino/wiring_pulse.d"  -c -o "arduino/wiring_pulse.o" "D:/arduino-1.0.1/hardware/arduino/cores/arduino/wiring_pulse.c"
Finished building: D:/arduino-1.0.1/hardware/arduino/cores/arduino/wiring_pulse.c
 
Building file: D:/arduino-1.0.1/hardware/arduino/cores/arduino/wiring_shift.c
Invoking: AVR Compiler
avr-gcc -I"D:\arduino-1.0.1\hardware\arduino\cores\arduino" -I"D:\arduino-1.0.1\hardware\arduino\variants\standard" -DUSB_VID= -DUSB_PID= -DARDUINO=101 -Wall -Os -fpack-struct -fshort-enums -std=gnu99 -funsigned-char -funsigned-bitfields -g  -ffunction-sections  -fdata-sections -mmcu=atmega328p -DF_CPU=8000000UL -MMD -MP -MF"arduino/wiring_shift.d" -MT"arduino/wiring_shift.d"  -c -o "arduino/wiring_shift.o" "D:/arduino-1.0.1/hardware/arduino/cores/arduino/wiring_shift.c"
Finished building: D:/arduino-1.0.1/hardware/arduino/cores/arduino/wiring_shift.c
 
Building target: libMine_ATmega328__3_3V__Ext_8_MHz_.a
Invoking: AVR Archiver
avr-ar -r  "libMine_ATmega328__3_3V__Ext_8_MHz_.a"  ./arduino/CDC.o ./arduino/HID.o ./arduino/HardwareSerial.o ./arduino/IPAddress.o ./arduino/Print.o ./arduino/Stream.o ./arduino/Tone.o ./arduino/USBCore.o ./arduino/WInterrupts.o ./arduino/WMath.o ./arduino/WString.o ./arduino/main.o ./arduino/new.o ./arduino/wiring.o ./arduino/wiring_analog.o ./arduino/wiring_digital.o ./arduino/wiring_pulse.o ./arduino/wiring_shift.o  
d:\arduino-1.0.1\hardware\tools\avr\bin\avr-ar.exe: creating libMine_ATmega328__3_3V__Ext_8_MHz_.a
Finished building target: libMine_ATmega328__3_3V__Ext_8_MHz_.a
 
Invoking: AVR Create Extended Listing
avr-objdump -h -S libMine_ATmega328__3_3V__Ext_8_MHz_.a  >"libMine_ATmega328__3_3V__Ext_8_MHz_.lss"
Finished building: libMine_ATmega328__3_3V__Ext_8_MHz_.lss
 
Invoking: Print Size
avr-size --format=avr --mcu=atmega328p libMine_ATmega328__3_3V__Ext_8_MHz_.a
AVR Memory Usage
----------------
Device: atmega328p

Program:       0 bytes (0.0% Full)
(.text + .data + .bootloader)

Data:          0 bytes (0.0% Full)
(.data + .bss + .noinit)


AVR Memory Usage
----------------
Device: atmega328p

Program:       0 bytes (0.0% Full)
(.text + .data + .bootloader)

Data:          0 bytes (0.0% Full)
(.data + .bss + .noinit)


AVR Memory Usage
----------------
Device: atmega328p

Program:       0 bytes (0.0% Full)
(.text + .data + .bootloader)

Data:          0 bytes (0.0% Full)
(.data + .bss + .noinit)


AVR Memory Usage
----------------
Device: atmega328p

Program:       0 bytes (0.0% Full)
(.text + .data + .bootloader)

Data:          0 bytes (0.0% Full)
(.data + .bss + .noinit)


AVR Memory Usage
----------------
Device: atmega328p

Program:       2 bytes (0.0% Full)
(.text + .data + .bootloader)

Data:          2 bytes (0.1% Full)
(.data + .bss + .noinit)


AVR Memory Usage
----------------
Device: atmega328p

Program:       1 bytes (0.0% Full)
(.text + .data + .bootloader)

Data:          1 bytes (0.0% Full)
(.data + .bss + .noinit)


AVR Memory Usage
----------------
Device: atmega328p

Program:       0 bytes (0.0% Full)
(.text + .data + .bootloader)

Data:          0 bytes (0.0% Full)
(.data + .bss + .noinit)


AVR Memory Usage
----------------
Device: atmega328p

Program:       0 bytes (0.0% Full)
(.text + .data + .bootloader)

Data:          0 bytes (0.0% Full)
(.data + .bss + .noinit)


AVR Memory Usage
----------------
Device: atmega328p

Program:       0 bytes (0.0% Full)
(.text + .data + .bootloader)

Data:          0 bytes (0.0% Full)
(.data + .bss + .noinit)


AVR Memory Usage
----------------
Device: atmega328p

Program:       0 bytes (0.0% Full)
(.text + .data + .bootloader)

Data:          0 bytes (0.0% Full)
(.data + .bss + .noinit)


AVR Memory Usage
----------------
Device: atmega328p

Program:       1 bytes (0.0% Full)
(.text + .data + .bootloader)

Data:          1 bytes (0.0% Full)
(.data + .bss + .noinit)


AVR Memory Usage
----------------
Device: atmega328p

Program:       0 bytes (0.0% Full)
(.text + .data + .bootloader)

Data:          0 bytes (0.0% Full)
(.data + .bss + .noinit)


AVR Memory Usage
----------------
Device: atmega328p

Program:       0 bytes (0.0% Full)
(.text + .data + .bootloader)

Data:          0 bytes (0.0% Full)
(.data + .bss + .noinit)


AVR Memory Usage
----------------
Device: atmega328p

Program:       0 bytes (0.0% Full)
(.text + .data + .bootloader)

Data:          0 bytes (0.0% Full)
(.data + .bss + .noinit)


AVR Memory Usage
----------------
Device: atmega328p

Program:       0 bytes (0.0% Full)
(.text + .data + .bootloader)

Data:          0 bytes (0.0% Full)
(.data + .bss + .noinit)


AVR Memory Usage
----------------
Device: atmega328p

Program:       0 bytes (0.0% Full)
(.text + .data + .bootloader)

Data:          0 bytes (0.0% Full)
(.data + .bss + .noinit)


AVR Memory Usage
----------------
Device: atmega328p

Program:       0 bytes (0.0% Full)
(.text + .data + .bootloader)

Data:          0 bytes (0.0% Full)
(.data + .bss + .noinit)


AVR Memory Usage
----------------
Device: atmega328p

Program:       0 bytes (0.0% Full)
(.text + .data + .bootloader)

Data:          0 bytes (0.0% Full)
(.data + .bss + .noinit)


Finished building: sizedummy
 

**** Build Finished ****
