
**** Build of configuration Release for project RFNetw ****

make all 
Building file: D:/arduino-1.0.1/libraries/SPI/SPI.cpp
Invoking: AVR C++ Compiler
avr-g++ -I"D:\arduino-1.0.1\hardware\arduino\cores\arduino" -I"D:\arduino-1.0.1\hardware\arduino\variants\standard" -I"D:\Users\pvloon\My Sources\E-Arduino\RFNetw" -I"D:\Users\pvloon\My Sources\Arduino\libraries\RF24Network" -I"D:\Users\pvloon\My Sources\Arduino\libraries\RF24" -I"D:\arduino-1.0.1\libraries\SPI" -D__IN_ECLIPSE__=1 -DUSB_VID= -DUSB_PID= -DARDUINO=101 -Wall -Os -ffunction-sections -fdata-sections -fno-exceptions -g -mmcu=atmega328p -DF_CPU=16000000UL -MMD -MP -MF"SPI/SPI.d" -MT"SPI/SPI.d"  -c -o "SPI/SPI.o" -x c++ "D:/arduino-1.0.1/libraries/SPI/SPI.cpp"
Finished building: D:/arduino-1.0.1/libraries/SPI/SPI.cpp
 
Building file: D:/Users/pvloon/My Sources/Arduino/libraries/RF24Network/RF24Network.cpp
Invoking: AVR C++ Compiler
avr-g++ -I"D:\arduino-1.0.1\hardware\arduino\cores\arduino" -I"D:\arduino-1.0.1\hardware\arduino\variants\standard" -I"D:\Users\pvloon\My Sources\E-Arduino\RFNetw" -I"D:\Users\pvloon\My Sources\Arduino\libraries\RF24Network" -I"D:\Users\pvloon\My Sources\Arduino\libraries\RF24" -I"D:\arduino-1.0.1\libraries\SPI" -D__IN_ECLIPSE__=1 -DUSB_VID= -DUSB_PID= -DARDUINO=101 -Wall -Os -ffunction-sections -fdata-sections -fno-exceptions -g -mmcu=atmega328p -DF_CPU=16000000UL -MMD -MP -MF"RF24Network/RF24Network.d" -MT"RF24Network/RF24Network.d"  -c -o "RF24Network/RF24Network.o" -x c++ "D:/Users/pvloon/My Sources/Arduino/libraries/RF24Network/RF24Network.cpp"
Finished building: D:/Users/pvloon/My Sources/Arduino/libraries/RF24Network/RF24Network.cpp
 
Building file: D:/Users/pvloon/My Sources/Arduino/libraries/RF24Network/Sync.cpp
Invoking: AVR C++ Compiler
avr-g++ -I"D:\arduino-1.0.1\hardware\arduino\cores\arduino" -I"D:\arduino-1.0.1\hardware\arduino\variants\standard" -I"D:\Users\pvloon\My Sources\E-Arduino\RFNetw" -I"D:\Users\pvloon\My Sources\Arduino\libraries\RF24Network" -I"D:\Users\pvloon\My Sources\Arduino\libraries\RF24" -I"D:\arduino-1.0.1\libraries\SPI" -D__IN_ECLIPSE__=1 -DUSB_VID= -DUSB_PID= -DARDUINO=101 -Wall -Os -ffunction-sections -fdata-sections -fno-exceptions -g -mmcu=atmega328p -DF_CPU=16000000UL -MMD -MP -MF"RF24Network/Sync.d" -MT"RF24Network/Sync.d"  -c -o "RF24Network/Sync.o" -x c++ "D:/Users/pvloon/My Sources/Arduino/libraries/RF24Network/Sync.cpp"
Finished building: D:/Users/pvloon/My Sources/Arduino/libraries/RF24Network/Sync.cpp
 
Building file: D:/Users/pvloon/My Sources/Arduino/libraries/RF24/RF24.cpp
Invoking: AVR C++ Compiler
avr-g++ -I"D:\arduino-1.0.1\hardware\arduino\cores\arduino" -I"D:\arduino-1.0.1\hardware\arduino\variants\standard" -I"D:\Users\pvloon\My Sources\E-Arduino\RFNetw" -I"D:\Users\pvloon\My Sources\Arduino\libraries\RF24Network" -I"D:\Users\pvloon\My Sources\Arduino\libraries\RF24" -I"D:\arduino-1.0.1\libraries\SPI" -D__IN_ECLIPSE__=1 -DUSB_VID= -DUSB_PID= -DARDUINO=101 -Wall -Os -ffunction-sections -fdata-sections -fno-exceptions -g -mmcu=atmega328p -DF_CPU=16000000UL -MMD -MP -MF"RF24/RF24.d" -MT"RF24/RF24.d"  -c -o "RF24/RF24.o" -x c++ "D:/Users/pvloon/My Sources/Arduino/libraries/RF24/RF24.cpp"
Finished building: D:/Users/pvloon/My Sources/Arduino/libraries/RF24/RF24.cpp
 
Building file: ../RFNetw.cpp
Invoking: AVR C++ Compiler
avr-g++ -I"D:\arduino-1.0.1\hardware\arduino\cores\arduino" -I"D:\arduino-1.0.1\hardware\arduino\variants\standard" -I"D:\Users\pvloon\My Sources\E-Arduino\RFNetw" -I"D:\Users\pvloon\My Sources\Arduino\libraries\RF24Network" -I"D:\Users\pvloon\My Sources\Arduino\libraries\RF24" -I"D:\arduino-1.0.1\libraries\SPI" -D__IN_ECLIPSE__=1 -DUSB_VID= -DUSB_PID= -DARDUINO=101 -Wall -Os -ffunction-sections -fdata-sections -fno-exceptions -g -mmcu=atmega328p -DF_CPU=16000000UL -MMD -MP -MF"RFNetw.d" -MT"RFNetw.d"  -c -o "RFNetw.o" -x c++ "../RFNetw.cpp"
Finished building: ../RFNetw.cpp
 
Building target: RFNetw.elf
Invoking: AVR C++ Linker
avr-gcc -Os -Wl,--gc-sections  -L"D:\Users\pvloon\My Sources\E-Arduino\Arduino_Uno/Release" -mmcu=atmega328p  -o"RFNetw.elf"  ./SPI/SPI.o  ./RF24Network/RF24Network.o ./RF24Network/Sync.o  ./RF24/RF24.o  ./RFNetw.o   -l"Arduino_Uno" -lm
Finished building target: RFNetw.elf
 
Invoking: AVR Create Extended Listing
avr-objdump -h -S RFNetw.elf  >"RFNetw.lss"
Finished building: RFNetw.lss
 
Create Flash image (ihex format)
avr-objcopy -R .eeprom -O ihex RFNetw.elf  "RFNetw.hex"
Finished building: RFNetw.hex
 
Create eeprom image (ihex format)
avr-objcopy -j .eeprom --no-change-warnings --change-section-lma .eeprom=0 -O ihex RFNetw.elf  "RFNetw.eep"
Finished building: RFNetw.eep
 
Invoking: Print Size
avr-size --format=avr --mcu=atmega328p RFNetw.elf
AVR Memory Usage
----------------
Device: atmega328p

Program:   10130 bytes (30.9% Full)
(.text + .data + .bootloader)

Data:        511 bytes (25.0% Full)
(.data + .bss + .noinit)


Finished building: sizedummy
 

**** Build Finished ****
