
**** Build of configuration Release for project RFNetwork ****

make all 
Building file: D:/Users/pvloon/My Sources/Arduino/libraries/RF24Network/RF24Network.cpp
Invoking: AVR C++ Compiler
avr-g++ -I"D:\arduino-1.0.6\hardware\arduino\cores\arduino" -I"D:\arduino-1.0.6\hardware\arduino\variants\standard" -I"D:\Users\pvloon\My Sources\E-Arduino\SPI" -I"D:\Users\pvloon\My Sources\Arduino\libraries\RF24Network" -I"D:\Users\pvloon\My Sources\Arduino\libraries\RF24" -D__IN_ECLIPSE__=1 -DARDUINO=106 -DUSB_PID= -DUSB_VID= -Wall -Os -ffunction-sections -fdata-sections -fno-exceptions -g -mmcu=atmega328p -DF_CPU=16000000UL -MMD -MP -MF"RF24Network/RF24Network.d" -MT"RF24Network/RF24Network.d"  -c -o "RF24Network/RF24Network.o" -x c++ "D:/Users/pvloon/My Sources/Arduino/libraries/RF24Network/RF24Network.cpp"
Finished building: D:/Users/pvloon/My Sources/Arduino/libraries/RF24Network/RF24Network.cpp
 
Building file: D:/Users/pvloon/My Sources/Arduino/libraries/RF24Network/Sync.cpp
Invoking: AVR C++ Compiler
avr-g++ -I"D:\arduino-1.0.6\hardware\arduino\cores\arduino" -I"D:\arduino-1.0.6\hardware\arduino\variants\standard" -I"D:\Users\pvloon\My Sources\E-Arduino\SPI" -I"D:\Users\pvloon\My Sources\Arduino\libraries\RF24Network" -I"D:\Users\pvloon\My Sources\Arduino\libraries\RF24" -D__IN_ECLIPSE__=1 -DARDUINO=106 -DUSB_PID= -DUSB_VID= -Wall -Os -ffunction-sections -fdata-sections -fno-exceptions -g -mmcu=atmega328p -DF_CPU=16000000UL -MMD -MP -MF"RF24Network/Sync.d" -MT"RF24Network/Sync.d"  -c -o "RF24Network/Sync.o" -x c++ "D:/Users/pvloon/My Sources/Arduino/libraries/RF24Network/Sync.cpp"
Finished building: D:/Users/pvloon/My Sources/Arduino/libraries/RF24Network/Sync.cpp
 
Building file: D:/Users/pvloon/My Sources/Arduino/libraries/RF24/RF24.cpp
Invoking: AVR C++ Compiler
avr-g++ -I"D:\arduino-1.0.6\hardware\arduino\cores\arduino" -I"D:\arduino-1.0.6\hardware\arduino\variants\standard" -I"D:\Users\pvloon\My Sources\E-Arduino\SPI" -I"D:\Users\pvloon\My Sources\Arduino\libraries\RF24Network" -I"D:\Users\pvloon\My Sources\Arduino\libraries\RF24" -D__IN_ECLIPSE__=1 -DARDUINO=106 -DUSB_PID= -DUSB_VID= -Wall -Os -ffunction-sections -fdata-sections -fno-exceptions -g -mmcu=atmega328p -DF_CPU=16000000UL -MMD -MP -MF"RF24/RF24.d" -MT"RF24/RF24.d"  -c -o "RF24/RF24.o" -x c++ "D:/Users/pvloon/My Sources/Arduino/libraries/RF24/RF24.cpp"
Finished building: D:/Users/pvloon/My Sources/Arduino/libraries/RF24/RF24.cpp
 
Building target: libRFNetwork.a
Invoking: AVR Archiver
avr-ar -r  "libRFNetwork.a"  ./RF24Network/RF24Network.o ./RF24Network/Sync.o  ./RF24/RF24.o  
d:\arduino-1.0.6\hardware\tools\avr\bin\avr-ar.exe: creating libRFNetwork.a
Finished building target: libRFNetwork.a
 
Invoking: AVR Create Extended Listing
avr-objdump -h -S libRFNetwork.a  >"libRFNetwork.lss"
Finished building: libRFNetwork.lss
 
Invoking: Print Size
avr-size --format=avr --mcu=atmega328p libRFNetwork.a
AVR Memory Usage
----------------
Device: atmega328p

Program:       0 bytes (0.0% Full)
(.text + .data + .bootloader)

Data:          0 bytes (0.0% Full)
(.data + .bss + .noinit)


AVR Memory Usage
----------------
Device: atmega328p

Program:       0 bytes (0.0% Full)
(.text + .data + .bootloader)

Data:          0 bytes (0.0% Full)
(.data + .bss + .noinit)


AVR Memory Usage
----------------
Device: atmega328p

Program:       0 bytes (0.0% Full)
(.text + .data + .bootloader)

Data:          0 bytes (0.0% Full)
(.data + .bss + .noinit)


Finished building: sizedummy
 

**** Build Finished ****
