
**** Build of configuration Release for project SharedFiles ****

make all 
Building file: D:/arduino-1.0.6/libraries/EEPROM/EEPROM.cpp
Invoking: AVR C++ Compiler
avr-g++ -I"D:\arduino-1.0.6\hardware\arduino\cores\arduino" -I"D:\arduino-1.0.6\hardware\arduino\variants\standard" -I"D:\Users\pvloon\My Sources\E-Arduino\SharedFiles" -I"D:\arduino-1.0.6\libraries\EEPROM" -D__IN_ECLIPSE__=1 -DUSB_VID= -DUSB_PID= -DARDUINO=106 -Wall -Os -ffunction-sections -fdata-sections -fno-exceptions -g -mmcu=atmega328p -DF_CPU=8000000UL -MMD -MP -MF"EEPROM/EEPROM.d" -MT"EEPROM/EEPROM.d"  -c -o "EEPROM/EEPROM.o" -x c++ "D:/arduino-1.0.6/libraries/EEPROM/EEPROM.cpp"
Finished building: D:/arduino-1.0.6/libraries/EEPROM/EEPROM.cpp
 
Building file: ../Dummy.cpp
Invoking: AVR C++ Compiler
avr-g++ -I"D:\arduino-1.0.6\hardware\arduino\cores\arduino" -I"D:\arduino-1.0.6\hardware\arduino\variants\standard" -I"D:\Users\pvloon\My Sources\E-Arduino\SharedFiles" -I"D:\arduino-1.0.6\libraries\EEPROM" -D__IN_ECLIPSE__=1 -DUSB_VID= -DUSB_PID= -DARDUINO=106 -Wall -Os -ffunction-sections -fdata-sections -fno-exceptions -g -mmcu=atmega328p -DF_CPU=8000000UL -MMD -MP -MF"Dummy.d" -MT"Dummy.d"  -c -o "Dummy.o" -x c++ "../Dummy.cpp"
Finished building: ../Dummy.cpp
 
Building file: ../InternalTemp.cpp
Invoking: AVR C++ Compiler
avr-g++ -I"D:\arduino-1.0.6\hardware\arduino\cores\arduino" -I"D:\arduino-1.0.6\hardware\arduino\variants\standard" -I"D:\Users\pvloon\My Sources\E-Arduino\SharedFiles" -I"D:\arduino-1.0.6\libraries\EEPROM" -D__IN_ECLIPSE__=1 -DUSB_VID= -DUSB_PID= -DARDUINO=106 -Wall -Os -ffunction-sections -fdata-sections -fno-exceptions -g -mmcu=atmega328p -DF_CPU=8000000UL -MMD -MP -MF"InternalTemp.d" -MT"InternalTemp.d"  -c -o "InternalTemp.o" -x c++ "../InternalTemp.cpp"
Finished building: ../InternalTemp.cpp
 
Building file: ../MemoryFree.cpp
Invoking: AVR C++ Compiler
avr-g++ -I"D:\arduino-1.0.6\hardware\arduino\cores\arduino" -I"D:\arduino-1.0.6\hardware\arduino\variants\standard" -I"D:\Users\pvloon\My Sources\E-Arduino\SharedFiles" -I"D:\arduino-1.0.6\libraries\EEPROM" -D__IN_ECLIPSE__=1 -DUSB_VID= -DUSB_PID= -DARDUINO=106 -Wall -Os -ffunction-sections -fdata-sections -fno-exceptions -g -mmcu=atmega328p -DF_CPU=8000000UL -MMD -MP -MF"MemoryFree.d" -MT"MemoryFree.d"  -c -o "MemoryFree.o" -x c++ "../MemoryFree.cpp"
Finished building: ../MemoryFree.cpp
 
Building file: ../Utils.cpp
Invoking: AVR C++ Compiler
avr-g++ -I"D:\arduino-1.0.6\hardware\arduino\cores\arduino" -I"D:\arduino-1.0.6\hardware\arduino\variants\standard" -I"D:\Users\pvloon\My Sources\E-Arduino\SharedFiles" -I"D:\arduino-1.0.6\libraries\EEPROM" -D__IN_ECLIPSE__=1 -DUSB_VID= -DUSB_PID= -DARDUINO=106 -Wall -Os -ffunction-sections -fdata-sections -fno-exceptions -g -mmcu=atmega328p -DF_CPU=8000000UL -MMD -MP -MF"Utils.d" -MT"Utils.d"  -c -o "Utils.o" -x c++ "../Utils.cpp"
../Utils.cpp: In function 'int millisRollover()':
../Utils.cpp:44: warning: operation on 'numRollovers' may be undefined
Finished building: ../Utils.cpp
 
Building target: SharedFiles.elf
Invoking: AVR C++ Linker
avr-gcc -Os -Wl,--gc-sections  -L"D:\Users\pvloon\My Sources\E-Arduino\Mine_ATmega328__3_3V_Ext_8_MHz/Release" -mmcu=atmega328p  -o"SharedFiles.elf"  ./EEPROM/EEPROM.o  ./Dummy.o ./InternalTemp.o ./MemoryFree.o ./Utils.o   -l"Mine_ATmega328__3_3V_Ext_8_MHz" -lm
d:/arduino-1.0.6/hardware/tools/avr/bin/../lib/gcc/avr/4.3.2/../../../../avr/bin/ld.exe: cannot find -lMine_ATmega328__3_3V_Ext_8_MHz
make: *** [SharedFiles.elf] Error 1

**** Build Finished ****
